TN:
SF:lib/ae86.js
FN:18,AE86
FN:28,init
FN:37,generate
FN:41,_static
FN:46,_pages
FN:48,_params
FN:50,prepParams
FN:73,tasks.<computed>
FN:79,prepParams
FN:97,watch
FN:100,_listener
FN:105,_watch
FN:131,clean
FNF:13
FNH:13
FNDA:15,AE86
FNDA:1,init
FNDA:2,generate
FNDA:2,_static
FNDA:2,_pages
FNDA:1,_params
FNDA:1,prepParams
FNDA:4,tasks.<computed>
FNDA:1,prepParams
FNDA:4,watch
FNDA:15,_listener
FNDA:20,_watch
FNDA:2,clean
DA:1,1
DA:2,1
DA:3,1
DA:4,1
DA:5,1
DA:6,1
DA:7,1
DA:8,1
DA:9,1
DA:10,1
DA:11,1
DA:12,1
DA:13,1
DA:14,1
DA:15,1
DA:16,1
DA:17,1
DA:18,1
DA:19,15
DA:20,15
DA:21,15
DA:22,1
DA:23,1
DA:24,1
DA:25,1
DA:26,1
DA:27,1
DA:28,1
DA:29,1
DA:30,1
DA:31,1
DA:32,1
DA:33,1
DA:34,1
DA:35,1
DA:36,1
DA:37,1
DA:38,2
DA:39,2
DA:40,2
DA:41,2
DA:42,2
DA:43,2
DA:44,2
DA:45,2
DA:46,2
DA:47,2
DA:48,2
DA:49,1
DA:50,1
DA:51,1
DA:52,1
DA:53,1
DA:54,1
DA:55,1
DA:56,1
DA:57,1
DA:58,1
DA:59,1
DA:60,1
DA:61,1
DA:62,1
DA:63,1
DA:64,1
DA:65,0
DA:66,0
DA:67,1
DA:68,2
DA:69,2
DA:70,2
DA:71,2
DA:72,2
DA:73,6
DA:74,4
DA:75,6
DA:76,2
DA:77,2
DA:78,2
DA:79,1
DA:80,1
DA:81,0
DA:82,1
DA:83,1
DA:84,1
DA:85,1
DA:86,1
DA:87,2
DA:88,2
DA:89,2
DA:90,2
DA:91,2
DA:92,1
DA:93,1
DA:94,1
DA:95,1
DA:96,1
DA:97,1
DA:98,4
DA:99,4
DA:100,4
DA:101,15
DA:102,15
DA:103,15
DA:104,4
DA:105,4
DA:106,20
DA:107,15
DA:108,0
DA:109,15
DA:110,5
DA:111,5
DA:112,15
DA:113,5
DA:114,5
DA:115,5
DA:116,5
DA:117,5
DA:118,5
DA:119,5
DA:120,20
DA:121,20
DA:122,4
DA:123,4
DA:124,4
DA:125,1
DA:126,1
DA:127,1
DA:128,1
DA:129,1
DA:130,1
DA:131,1
DA:132,2
DA:133,2
DA:134,1
DA:135,1
DA:136,1
DA:137,1
DA:138,1
LF:138
LH:134
BRDA:1,0,0,1
BRDA:18,1,0,15
BRDA:19,2,0,7
BRDA:20,3,0,13
BRDA:28,4,0,1
BRDA:37,5,0,2
BRDA:41,6,0,2
BRDA:46,7,0,2
BRDA:48,8,0,1
BRDA:64,9,0,0
BRDA:50,10,0,1
BRDA:62,11,0,1
BRDA:72,12,0,6
BRDA:73,13,0,4
BRDA:78,14,0,1
BRDA:79,15,0,1
BRDA:80,16,0,0
BRDA:83,17,0,0
BRDA:97,18,0,4
BRDA:100,19,0,15
BRDA:105,20,0,20
BRDA:106,21,0,15
BRDA:107,22,0,0
BRDA:107,23,0,0
BRDA:107,24,0,0
BRDA:109,25,0,5
BRDA:112,26,0,10
BRDA:112,27,0,5
BRDA:131,28,0,2
BRF:29
BRH:23
end_of_record
TN:
SF:lib/cli.js
FN:8,_init
FN:13,_gen
FN:19,_watch
FN:25,_clean
FN:34,exec
FNF:5
FNH:5
FNDA:1,_init
FNDA:1,_gen
FNDA:2,_watch
FNDA:2,_clean
FNDA:7,exec
DA:1,1
DA:2,1
DA:3,1
DA:4,1
DA:5,1
DA:6,1
DA:7,1
DA:8,1
DA:9,1
DA:10,1
DA:11,1
DA:12,1
DA:13,1
DA:14,1
DA:15,1
DA:16,1
DA:17,1
DA:18,1
DA:19,2
DA:20,2
DA:21,2
DA:22,2
DA:23,2
DA:24,1
DA:25,2
DA:26,2
DA:27,2
DA:28,2
DA:29,2
DA:30,1
DA:31,1
DA:32,1
DA:33,1
DA:34,7
DA:35,7
DA:36,7
DA:37,7
DA:38,7
DA:39,7
DA:40,7
DA:41,7
DA:42,7
DA:43,7
DA:44,7
DA:45,7
DA:46,7
DA:47,7
DA:48,1
DA:49,1
DA:50,1
DA:51,1
DA:52,1
DA:53,1
DA:54,1
DA:55,1
LF:55
LH:55
BRDA:1,0,0,1
BRDA:8,1,0,1
BRDA:13,2,0,1
BRDA:19,3,0,2
BRDA:25,4,0,2
BRDA:26,5,0,1
BRDA:34,6,0,7
BRF:7
BRH:7
end_of_record
TN:
SF:lib/engine.js
FN:24,Engine
FN:37,compile
FN:42,_task
FN:45,tasks.<computed>
FN:72,merge
FN:77,_process
FN:82,tasks.<computed>
FN:97,tasks.<computed>
FN:102,_mergePartials
FN:113,_mergePage
FN:120,_mergeLayout
FN:130,_writePage
FNF:12
FNH:12
FNDA:13,Engine
FNDA:4,compile
FNDA:4,_task
FNDA:4,tasks.<computed>
FNDA:6,merge
FNDA:24,_process
FNDA:14,tasks.<computed>
FNDA:6,tasks.<computed>
FNDA:6,_mergePartials
FNDA:6,_mergePage
FNDA:6,_mergeLayout
FNDA:6,_writePage
DA:1,1
DA:2,1
DA:3,1
DA:4,1
DA:5,1
DA:6,1
DA:7,1
DA:8,1
DA:9,1
DA:10,1
DA:11,1
DA:12,1
DA:13,1
DA:14,1
DA:15,1
DA:16,1
DA:17,1
DA:18,1
DA:19,1
DA:20,1
DA:21,1
DA:22,1
DA:23,1
DA:24,1
DA:25,13
DA:26,13
DA:27,13
DA:28,13
DA:29,1
DA:30,1
DA:31,1
DA:32,1
DA:33,1
DA:34,1
DA:35,1
DA:36,1
DA:37,1
DA:38,4
DA:39,4
DA:40,4
DA:41,4
DA:42,4
DA:43,4
DA:44,4
DA:45,4
DA:46,4
DA:47,4
DA:48,4
DA:49,4
DA:50,4
DA:51,4
DA:52,4
DA:53,3
DA:54,10
DA:55,4
DA:56,4
DA:57,3
DA:58,4
DA:59,4
DA:60,4
DA:61,4
DA:62,1
DA:63,1
DA:64,1
DA:65,1
DA:66,1
DA:67,1
DA:68,1
DA:69,1
DA:70,1
DA:71,1
DA:72,1
DA:73,6
DA:74,6
DA:75,6
DA:76,6
DA:77,6
DA:78,24
DA:79,24
DA:80,24
DA:81,24
DA:82,14
DA:83,14
DA:84,14
DA:85,14
DA:86,14
DA:87,24
DA:88,24
DA:89,24
DA:90,24
DA:91,24
DA:92,24
DA:93,6
DA:94,6
DA:95,6
DA:96,6
DA:97,6
DA:98,6
DA:99,6
DA:100,6
DA:101,6
DA:102,6
DA:103,6
DA:104,6
DA:105,6
DA:106,6
DA:107,6
DA:108,6
DA:109,6
DA:110,6
DA:111,6
DA:112,6
DA:113,6
DA:114,6
DA:115,6
DA:116,6
DA:117,6
DA:118,6
DA:119,6
DA:120,6
DA:121,6
DA:122,6
DA:123,6
DA:124,6
DA:125,6
DA:126,6
DA:127,6
DA:128,6
DA:129,6
DA:130,6
DA:131,6
DA:132,6
DA:133,6
DA:134,6
DA:135,4
DA:136,4
DA:137,6
DA:138,6
DA:139,6
DA:140,6
DA:141,6
DA:142,6
DA:143,6
DA:144,6
DA:145,6
DA:146,6
DA:147,6
DA:148,6
DA:149,1
DA:150,1
DA:151,1
DA:152,1
DA:153,1
LF:153
LH:153
BRDA:1,0,0,1
BRDA:24,1,0,13
BRDA:25,2,0,12
BRDA:26,3,0,12
BRDA:37,4,0,4
BRDA:42,5,0,4
BRDA:45,6,0,4
BRDA:46,7,0,4
BRDA:52,8,0,3
BRDA:53,9,0,10
BRDA:54,10,0,4
BRDA:72,11,0,6
BRDA:77,12,0,24
BRDA:81,13,0,14
BRDA:82,14,0,14
BRDA:83,15,0,14
BRDA:89,16,0,24
BRDA:96,17,0,6
BRDA:97,18,0,6
BRDA:102,19,0,6
BRDA:103,20,0,6
BRDA:106,21,0,6
BRDA:113,22,0,6
BRDA:114,23,0,6
BRDA:120,24,0,6
BRDA:121,25,0,1
BRDA:121,26,0,1
BRDA:121,27,0,1
BRDA:121,28,0,5
BRDA:122,29,0,6
BRDA:130,30,0,6
BRDA:133,31,0,6
BRDA:134,32,0,4
BRDA:145,33,0,6
BRF:34
BRH:34
end_of_record
TN:
SF:lib/functions.js
FN:12,funcs
FN:21,date
FN:32,include
FN:45,relative
FN:60,title
FNF:5
FNH:5
FNDA:23,funcs
FNDA:2,date
FNDA:3,include
FNDA:4,relative
FNDA:3,title
DA:1,1
DA:2,1
DA:3,1
DA:4,1
DA:5,1
DA:6,1
DA:7,1
DA:8,1
DA:9,1
DA:10,1
DA:11,1
DA:12,23
DA:13,23
DA:14,23
DA:15,23
DA:16,23
DA:17,23
DA:18,23
DA:19,23
DA:20,23
DA:21,23
DA:22,2
DA:23,2
DA:24,23
DA:25,23
DA:26,23
DA:27,23
DA:28,23
DA:29,23
DA:30,23
DA:31,23
DA:32,23
DA:33,3
DA:34,3
DA:35,3
DA:36,3
DA:37,23
DA:38,23
DA:39,23
DA:40,23
DA:41,23
DA:42,23
DA:43,23
DA:44,23
DA:45,23
DA:46,4
DA:47,4
DA:48,72
DA:49,5
DA:50,5
DA:51,72
DA:52,4
DA:53,4
DA:54,23
DA:55,23
DA:56,23
DA:57,23
DA:58,23
DA:59,23
DA:60,23
DA:61,3
DA:62,3
DA:63,3
DA:64,3
DA:65,23
DA:66,23
DA:67,23
DA:68,23
DA:69,23
DA:70,23
DA:71,23
DA:72,23
DA:73,1
DA:74,1
DA:75,1
DA:76,1
LF:76
LH:76
BRDA:1,0,0,1
BRDA:12,1,0,23
BRDA:21,2,0,2
BRDA:22,3,0,1
BRDA:32,4,0,3
BRDA:33,5,0,2
BRDA:33,6,0,2
BRDA:34,7,0,1
BRDA:45,8,0,4
BRDA:47,9,0,72
BRDA:48,10,0,5
BRDA:60,11,0,3
BRDA:61,12,0,2
BRDA:61,13,0,2
BRDA:62,14,0,1
BRF:15
BRH:15
end_of_record
