TN:
SF:lib/ae86.js
FN:19,AE86
FN:29,init
FN:38,generate
FN:41,_static
FN:46,_pages
FN:47,_params
FN:48,prepParams
FN:71,tasks.<computed>
FN:77,prepParams
FN:95,watch
FN:98,_listener
FN:103,_watch
FN:129,clean
FNF:13
FNH:13
FNDA:18,AE86
FNDA:1,init
FNDA:4,generate
FNDA:4,_static
FNDA:4,_pages
FNDA:3,_params
FNDA:2,prepParams
FNDA:10,tasks.<computed>
FNDA:3,prepParams
FNDA:5,watch
FNDA:15,_listener
FNDA:25,_watch
FNDA:2,clean
DA:1,1
DA:2,1
DA:3,1
DA:4,1
DA:5,1
DA:6,1
DA:7,1
DA:8,1
DA:9,1
DA:10,1
DA:11,1
DA:12,1
DA:13,1
DA:14,1
DA:15,1
DA:16,1
DA:17,1
DA:18,1
DA:19,1
DA:20,18
DA:21,18
DA:22,18
DA:23,1
DA:24,1
DA:25,1
DA:26,1
DA:27,1
DA:28,1
DA:29,1
DA:30,1
DA:31,1
DA:32,1
DA:33,1
DA:34,1
DA:35,1
DA:36,1
DA:37,1
DA:38,1
DA:39,4
DA:40,4
DA:41,4
DA:42,4
DA:43,4
DA:44,4
DA:45,4
DA:46,4
DA:47,4
DA:48,3
DA:49,2
DA:50,2
DA:51,2
DA:52,2
DA:53,2
DA:54,2
DA:55,3
DA:56,3
DA:57,3
DA:58,3
DA:59,2
DA:60,2
DA:61,2
DA:62,3
DA:63,1
DA:64,1
DA:65,3
DA:66,4
DA:67,4
DA:68,4
DA:69,4
DA:70,4
DA:71,12
DA:72,10
DA:73,12
DA:74,4
DA:75,4
DA:76,4
DA:77,3
DA:78,3
DA:79,1
DA:80,3
DA:81,2
DA:82,2
DA:83,3
DA:84,3
DA:85,4
DA:86,4
DA:87,4
DA:88,4
DA:89,4
DA:90,1
DA:91,1
DA:92,1
DA:93,1
DA:94,1
DA:95,1
DA:96,5
DA:97,5
DA:98,5
DA:99,15
DA:100,15
DA:101,15
DA:102,5
DA:103,5
DA:104,25
DA:105,20
DA:106,5
DA:107,20
DA:108,5
DA:109,5
DA:110,15
DA:111,5
DA:112,5
DA:113,5
DA:114,5
DA:115,5
DA:116,5
DA:117,5
DA:118,25
DA:119,25
DA:120,5
DA:121,5
DA:122,5
DA:123,1
DA:124,1
DA:125,1
DA:126,1
DA:127,1
DA:128,1
DA:129,1
DA:130,2
DA:131,2
DA:132,1
DA:133,1
DA:134,1
LF:134
LH:134
BRDA:1,0,0,1
BRDA:19,1,0,18
BRDA:20,2,0,8
BRDA:21,3,0,16
BRDA:29,4,0,1
BRDA:38,5,0,4
BRDA:41,6,0,4
BRDA:46,7,0,4
BRDA:47,8,0,3
BRDA:58,9,0,2
BRDA:62,10,0,1
BRDA:48,11,0,2
BRDA:51,12,0,1
BRDA:60,13,0,2
BRDA:61,14,0,1
BRDA:70,15,0,12
BRDA:71,16,0,10
BRDA:76,17,0,3
BRDA:77,18,0,3
BRDA:78,19,0,1
BRDA:80,20,0,2
BRDA:81,21,0,1
BRDA:95,22,0,5
BRDA:98,23,0,15
BRDA:103,24,0,25
BRDA:104,25,0,20
BRDA:105,26,0,5
BRDA:105,27,0,5
BRDA:105,28,0,5
BRDA:107,29,0,15
BRDA:107,30,0,5
BRDA:110,31,0,10
BRDA:110,32,0,5
BRDA:129,33,0,2
BRF:34
BRH:34
end_of_record
TN:
SF:lib/cli.js
FN:9,_init
FN:14,_gen
FN:20,_watch
FN:28,_clean
FN:37,exec
FNF:5
FNH:5
FNDA:1,_init
FNDA:1,_gen
FNDA:2,_watch
FNDA:2,_clean
FNDA:7,exec
DA:1,1
DA:2,1
DA:3,1
DA:4,1
DA:5,1
DA:6,1
DA:7,1
DA:8,1
DA:9,1
DA:10,1
DA:11,1
DA:12,1
DA:13,1
DA:14,1
DA:15,1
DA:16,1
DA:17,1
DA:18,1
DA:19,1
DA:20,2
DA:21,2
DA:22,2
DA:23,2
DA:24,2
DA:25,2
DA:26,2
DA:27,1
DA:28,2
DA:29,2
DA:30,2
DA:31,2
DA:32,2
DA:33,1
DA:34,1
DA:35,1
DA:36,1
DA:37,7
DA:38,7
DA:39,7
DA:40,7
DA:41,7
DA:42,7
DA:43,7
DA:44,7
DA:45,7
DA:46,7
DA:47,7
DA:48,7
DA:49,7
DA:50,1
DA:51,1
DA:52,1
DA:53,1
DA:54,1
DA:55,1
LF:55
LH:55
BRDA:1,0,0,1
BRDA:9,1,0,1
BRDA:14,2,0,1
BRDA:20,3,0,2
BRDA:28,4,0,2
BRDA:29,5,0,1
BRDA:37,6,0,7
BRF:7
BRH:7
end_of_record
TN:
SF:lib/engine.js
FN:25,Engine
FN:40,compile
FN:44,_task
FN:47,tasks.<computed>
FN:74,merge
FN:78,_process
FN:83,tasks.<computed>
FN:98,tasks.<computed>
FN:105,_mergePartials
FN:119,_mergePage
FN:130,_mergeLayout
FN:154,_writePage
FNF:12
FNH:12
FNDA:16,Engine
FNDA:4,compile
FNDA:4,_task
FNDA:4,tasks.<computed>
FNDA:6,merge
FNDA:24,_process
FNDA:14,tasks.<computed>
FNDA:6,tasks.<computed>
FNDA:6,_mergePartials
FNDA:6,_mergePage
FNDA:6,_mergeLayout
FNDA:6,_writePage
DA:1,1
DA:2,1
DA:3,1
DA:4,1
DA:5,1
DA:6,1
DA:7,1
DA:8,1
DA:9,1
DA:10,1
DA:11,1
DA:12,1
DA:13,1
DA:14,1
DA:15,1
DA:16,1
DA:17,1
DA:18,1
DA:19,1
DA:20,1
DA:21,1
DA:22,1
DA:23,1
DA:24,1
DA:25,1
DA:26,16
DA:27,16
DA:28,16
DA:29,16
DA:30,16
DA:31,16
DA:32,1
DA:33,1
DA:34,1
DA:35,1
DA:36,1
DA:37,1
DA:38,1
DA:39,1
DA:40,1
DA:41,4
DA:42,4
DA:43,4
DA:44,4
DA:45,4
DA:46,4
DA:47,4
DA:48,4
DA:49,4
DA:50,4
DA:51,4
DA:52,4
DA:53,4
DA:54,4
DA:55,3
DA:56,10
DA:57,4
DA:58,4
DA:59,3
DA:60,4
DA:61,4
DA:62,4
DA:63,4
DA:64,1
DA:65,1
DA:66,1
DA:67,1
DA:68,1
DA:69,1
DA:70,1
DA:71,1
DA:72,1
DA:73,1
DA:74,1
DA:75,6
DA:76,6
DA:77,6
DA:78,6
DA:79,24
DA:80,24
DA:81,24
DA:82,24
DA:83,14
DA:84,14
DA:85,14
DA:86,14
DA:87,14
DA:88,24
DA:89,24
DA:90,24
DA:91,24
DA:92,24
DA:93,24
DA:94,6
DA:95,6
DA:96,6
DA:97,6
DA:98,6
DA:99,6
DA:100,6
DA:101,6
DA:102,6
DA:103,6
DA:104,6
DA:105,6
DA:106,6
DA:107,6
DA:108,6
DA:109,6
DA:110,6
DA:111,6
DA:112,6
DA:113,6
DA:114,6
DA:115,6
DA:116,6
DA:117,6
DA:118,6
DA:119,6
DA:120,6
DA:121,6
DA:122,6
DA:123,6
DA:124,6
DA:125,6
DA:126,6
DA:127,6
DA:128,6
DA:129,6
DA:130,6
DA:131,6
DA:132,6
DA:133,6
DA:134,1
DA:135,6
DA:136,6
DA:137,6
DA:138,6
DA:139,6
DA:140,6
DA:141,6
DA:142,6
DA:143,6
DA:144,6
DA:145,6
DA:146,6
DA:147,6
DA:148,6
DA:149,6
DA:150,6
DA:151,6
DA:152,6
DA:153,6
DA:154,6
DA:155,6
DA:156,6
DA:157,6
DA:158,4
DA:159,4
DA:160,4
DA:161,4
DA:162,6
DA:163,6
DA:164,6
DA:165,6
DA:166,6
DA:167,6
DA:168,6
DA:169,6
DA:170,6
DA:171,6
DA:172,6
DA:173,6
DA:174,6
DA:175,6
DA:176,6
DA:177,1
DA:178,1
DA:179,1
LF:179
LH:179
BRDA:1,0,0,1
BRDA:25,1,0,16
BRDA:26,2,0,5
BRDA:27,3,0,15
BRDA:29,4,0,6
BRDA:40,5,0,4
BRDA:44,6,0,4
BRDA:47,7,0,4
BRDA:48,8,0,4
BRDA:54,9,0,3
BRDA:55,10,0,10
BRDA:56,11,0,4
BRDA:74,12,0,6
BRDA:78,13,0,24
BRDA:82,14,0,14
BRDA:83,15,0,14
BRDA:84,16,0,14
BRDA:90,17,0,24
BRDA:97,18,0,6
BRDA:98,19,0,6
BRDA:105,20,0,6
BRDA:106,21,0,6
BRDA:112,22,0,6
BRDA:119,23,0,6
BRDA:123,24,0,6
BRDA:130,25,0,6
BRDA:132,26,0,1
BRDA:133,27,0,1
BRDA:135,28,0,1
BRDA:136,29,0,5
BRDA:140,30,0,6
BRDA:154,31,0,6
BRDA:156,32,0,6
BRDA:157,33,0,4
BRDA:173,34,0,6
BRF:35
BRH:35
end_of_record
TN:
SF:lib/functions.js
FN:12,funcs
FN:20,date
FN:31,include
FN:46,relative
FN:61,title
FNF:5
FNH:5
FNDA:23,funcs
FNDA:2,date
FNDA:3,include
FNDA:4,relative
FNDA:3,title
DA:1,1
DA:2,1
DA:3,1
DA:4,1
DA:5,1
DA:6,1
DA:7,1
DA:8,1
DA:9,1
DA:10,1
DA:11,1
DA:12,23
DA:13,23
DA:14,23
DA:15,23
DA:16,23
DA:17,23
DA:18,23
DA:19,23
DA:20,23
DA:21,2
DA:22,2
DA:23,23
DA:24,23
DA:25,23
DA:26,23
DA:27,23
DA:28,23
DA:29,23
DA:30,23
DA:31,23
DA:32,3
DA:33,3
DA:34,3
DA:35,3
DA:36,3
DA:37,3
DA:38,23
DA:39,23
DA:40,23
DA:41,23
DA:42,23
DA:43,23
DA:44,23
DA:45,23
DA:46,23
DA:47,4
DA:48,4
DA:49,72
DA:50,5
DA:51,5
DA:52,72
DA:53,4
DA:54,4
DA:55,23
DA:56,23
DA:57,23
DA:58,23
DA:59,23
DA:60,23
DA:61,23
DA:62,3
DA:63,3
DA:64,3
DA:65,3
DA:66,3
DA:67,3
DA:68,23
DA:69,23
DA:70,23
DA:71,23
DA:72,23
DA:73,23
DA:74,23
DA:75,23
DA:76,1
DA:77,1
LF:77
LH:77
BRDA:1,0,0,1
BRDA:12,1,0,23
BRDA:20,2,0,2
BRDA:21,3,0,1
BRDA:31,4,0,3
BRDA:33,5,0,2
BRDA:34,6,0,2
BRDA:35,7,0,1
BRDA:46,8,0,4
BRDA:48,9,0,72
BRDA:49,10,0,5
BRDA:61,11,0,3
BRDA:63,12,0,2
BRDA:64,13,0,2
BRDA:65,14,0,1
BRF:15
BRH:15
end_of_record
